{
  "C:\\Users\\dgett\\Documents\\Progetti\\HydroView\\commitlint.config.js": {
    "path": "C:\\Users\\dgett\\Documents\\Progetti\\HydroView\\commitlint.config.js",
    "statementMap": {
      "0": {
        "start": { "line": 1, "column": 0 },
        "end": { "line": 3, "column": 2 }
      }
    },
    "fnMap": {},
    "branchMap": {},
    "s": { "0": 0 },
    "f": {},
    "b": {}
  },
  "C:\\Users\\dgett\\Documents\\Progetti\\HydroView\\expo-env.d.ts": {
    "path": "C:\\Users\\dgett\\Documents\\Progetti\\HydroView\\expo-env.d.ts",
    "statementMap": {},
    "fnMap": {},
    "branchMap": {},
    "s": {},
    "f": {},
    "b": {}
  },
  "C:\\Users\\dgett\\Documents\\Progetti\\HydroView\\jest.config.js": {
    "path": "C:\\Users\\dgett\\Documents\\Progetti\\HydroView\\jest.config.js",
    "statementMap": {
      "0": {
        "start": { "line": 1, "column": 0 },
        "end": { "line": 6, "column": 2 }
      }
    },
    "fnMap": {},
    "branchMap": {},
    "s": { "0": 0 },
    "f": {},
    "b": {}
  },
  "C:\\Users\\dgett\\Documents\\Progetti\\HydroView\\metro.config.js": {
    "path": "C:\\Users\\dgett\\Documents\\Progetti\\HydroView\\metro.config.js",
    "statementMap": {
      "0": {
        "start": { "line": 4, "column": 15 },
        "end": { "line": 4, "column": 42 }
      },
      "1": {
        "start": { "line": 6, "column": 0 },
        "end": { "line": 6, "column": 67 }
      }
    },
    "fnMap": {},
    "branchMap": {},
    "s": { "0": 0, "1": 0 },
    "f": {},
    "b": {}
  },
  "C:\\Users\\dgett\\Documents\\Progetti\\HydroView\\nativewind-env.d.ts": {
    "path": "C:\\Users\\dgett\\Documents\\Progetti\\HydroView\\nativewind-env.d.ts",
    "statementMap": {},
    "fnMap": {},
    "branchMap": {},
    "s": {},
    "f": {},
    "b": {}
  },
  "C:\\Users\\dgett\\Documents\\Progetti\\HydroView\\tailwind.config.js": {
    "path": "C:\\Users\\dgett\\Documents\\Progetti\\HydroView\\tailwind.config.js",
    "statementMap": {
      "0": {
        "start": { "line": 4, "column": 0 },
        "end": { "line": 192, "column": 2 }
      }
    },
    "fnMap": {},
    "branchMap": {},
    "s": { "0": 0 },
    "f": {},
    "b": {}
  },
  "C:\\Users\\dgett\\Documents\\Progetti\\HydroView\\.expo\\types\\router.d.ts": {
    "path": "C:\\Users\\dgett\\Documents\\Progetti\\HydroView\\.expo\\types\\router.d.ts",
    "statementMap": {},
    "fnMap": {},
    "branchMap": {},
    "s": {},
    "f": {},
    "b": {}
  },
  "C:\\Users\\dgett\\Documents\\Progetti\\HydroView\\app\\+not-found.tsx": {
    "path": "C:\\Users\\dgett\\Documents\\Progetti\\HydroView\\app\\+not-found.tsx",
    "statementMap": {
      "0": {
        "start": { "line": 6, "column": 2 },
        "end": { "line": 13, "column": 4 }
      },
      "1": {
        "start": { "line": 16, "column": 15 },
        "end": { "line": 22, "column": 2 }
      }
    },
    "fnMap": {
      "0": {
        "name": "NotFoundScreen",
        "decl": {
          "start": { "line": 5, "column": 24 },
          "end": { "line": 5, "column": 38 }
        },
        "loc": {
          "start": { "line": 5, "column": 41 },
          "end": { "line": 14, "column": 1 }
        },
        "line": 5
      }
    },
    "branchMap": {},
    "s": { "0": 0, "1": 0 },
    "f": { "0": 0 },
    "b": {}
  },
  "C:\\Users\\dgett\\Documents\\Progetti\\HydroView\\app\\_layout.tsx": {
    "path": "C:\\Users\\dgett\\Documents\\Progetti\\HydroView\\app\\_layout.tsx",
    "statementMap": {
      "0": {
        "start": { "line": 8, "column": 2 },
        "end": { "line": 26, "column": 4 }
      }
    },
    "fnMap": {
      "0": {
        "name": "RootLayout",
        "decl": {
          "start": { "line": 7, "column": 24 },
          "end": { "line": 7, "column": 34 }
        },
        "loc": {
          "start": { "line": 7, "column": 37 },
          "end": { "line": 27, "column": 1 }
        },
        "line": 7
      }
    },
    "branchMap": {},
    "s": { "0": 0 },
    "f": { "0": 0 },
    "b": {}
  },
  "C:\\Users\\dgett\\Documents\\Progetti\\HydroView\\app\\(drawer)\\_layout.tsx": {
    "path": "C:\\Users\\dgett\\Documents\\Progetti\\HydroView\\app\\(drawer)\\_layout.tsx",
    "statementMap": {
      "0": {
        "start": { "line": 5, "column": 2 },
        "end": { "line": 34, "column": 4 }
      },
      "1": {
        "start": { "line": 38, "column": 2 },
        "end": { "line": 42, "column": 4 }
      }
    },
    "fnMap": {
      "0": {
        "name": "DrawerLayoutContent",
        "decl": {
          "start": { "line": 4, "column": 9 },
          "end": { "line": 4, "column": 28 }
        },
        "loc": {
          "start": { "line": 4, "column": 31 },
          "end": { "line": 35, "column": 1 }
        },
        "line": 4
      },
      "1": {
        "name": "DrawerLayout",
        "decl": {
          "start": { "line": 37, "column": 24 },
          "end": { "line": 37, "column": 36 }
        },
        "loc": {
          "start": { "line": 37, "column": 39 },
          "end": { "line": 43, "column": 1 }
        },
        "line": 37
      }
    },
    "branchMap": {},
    "s": { "0": 0, "1": 0 },
    "f": { "0": 0, "1": 0 },
    "b": {}
  },
  "C:\\Users\\dgett\\Documents\\Progetti\\HydroView\\app\\(drawer)\\(home)\\_layout.tsx": {
    "path": "C:\\Users\\dgett\\Documents\\Progetti\\HydroView\\app\\(drawer)\\(home)\\_layout.tsx",
    "statementMap": {
      "0": {
        "start": { "line": 5, "column": 2 },
        "end": { "line": 5, "column": 38 }
      },
      "1": {
        "start": { "line": 7, "column": 2 },
        "end": { "line": 20, "column": 3 }
      },
      "2": {
        "start": { "line": 8, "column": 4 },
        "end": { "line": 12, "column": 6 }
      },
      "3": {
        "start": { "line": 14, "column": 4 },
        "end": { "line": 14, "column": 49 }
      },
      "4": {
        "start": { "line": 15, "column": 4 },
        "end": { "line": 19, "column": 6 }
      }
    },
    "fnMap": {
      "0": {
        "name": "HomeLayout",
        "decl": {
          "start": { "line": 4, "column": 24 },
          "end": { "line": 4, "column": 34 }
        },
        "loc": {
          "start": { "line": 4, "column": 37 },
          "end": { "line": 21, "column": 1 }
        },
        "line": 4
      }
    },
    "branchMap": {},
    "s": { "0": 0, "1": 0, "2": 0, "3": 0, "4": 0 },
    "f": { "0": 0 },
    "b": {}
  },
  "C:\\Users\\dgett\\Documents\\Progetti\\HydroView\\app\\(drawer)\\(home)\\(home)\\_layout.tsx": {
    "path": "C:\\Users\\dgett\\Documents\\Progetti\\HydroView\\app\\(drawer)\\(home)\\(home)\\_layout.tsx",
    "statementMap": {
      "0": {
        "start": { "line": 4, "column": 2 },
        "end": { "line": 4, "column": 25 }
      }
    },
    "fnMap": {
      "0": {
        "name": "HomeLayout",
        "decl": {
          "start": { "line": 3, "column": 24 },
          "end": { "line": 3, "column": 34 }
        },
        "loc": {
          "start": { "line": 3, "column": 37 },
          "end": { "line": 5, "column": 1 }
        },
        "line": 3
      }
    },
    "branchMap": {},
    "s": { "0": 0 },
    "f": { "0": 0 },
    "b": {}
  },
  "C:\\Users\\dgett\\Documents\\Progetti\\HydroView\\app\\(drawer)\\(home)\\(notifications)\\_layout.tsx": {
    "path": "C:\\Users\\dgett\\Documents\\Progetti\\HydroView\\app\\(drawer)\\(home)\\(notifications)\\_layout.tsx",
    "statementMap": {
      "0": {
        "start": { "line": 4, "column": 2 },
        "end": { "line": 4, "column": 34 }
      }
    },
    "fnMap": {
      "0": {
        "name": "NotificationsLayout",
        "decl": {
          "start": { "line": 3, "column": 24 },
          "end": { "line": 3, "column": 43 }
        },
        "loc": {
          "start": { "line": 3, "column": 46 },
          "end": { "line": 5, "column": 1 }
        },
        "line": 3
      }
    },
    "branchMap": {},
    "s": { "0": 0 },
    "f": { "0": 0 },
    "b": {}
  },
  "C:\\Users\\dgett\\Documents\\Progetti\\HydroView\\app\\(drawer)\\(profile)\\_layout.tsx": {
    "path": "C:\\Users\\dgett\\Documents\\Progetti\\HydroView\\app\\(drawer)\\(profile)\\_layout.tsx",
    "statementMap": {
      "0": {
        "start": { "line": 4, "column": 2 },
        "end": { "line": 4, "column": 28 }
      }
    },
    "fnMap": {
      "0": {
        "name": "ProfileLayout",
        "decl": {
          "start": { "line": 3, "column": 24 },
          "end": { "line": 3, "column": 37 }
        },
        "loc": {
          "start": { "line": 3, "column": 40 },
          "end": { "line": 5, "column": 1 }
        },
        "line": 3
      }
    },
    "branchMap": {},
    "s": { "0": 0 },
    "f": { "0": 0 },
    "b": {}
  },
  "C:\\Users\\dgett\\Documents\\Progetti\\HydroView\\app\\(drawer)\\(settings)\\_layout.tsx": {
    "path": "C:\\Users\\dgett\\Documents\\Progetti\\HydroView\\app\\(drawer)\\(settings)\\_layout.tsx",
    "statementMap": {
      "0": {
        "start": { "line": 5, "column": 4 },
        "end": { "line": 5, "column": 44 }
      },
      "1": {
        "start": { "line": 7, "column": 4 },
        "end": { "line": 20, "column": 5 }
      },
      "2": {
        "start": { "line": 8, "column": 8 },
        "end": { "line": 12, "column": 10 }
      },
      "3": {
        "start": { "line": 14, "column": 8 },
        "end": { "line": 14, "column": 53 }
      },
      "4": {
        "start": { "line": 15, "column": 8 },
        "end": { "line": 19, "column": 10 }
      }
    },
    "fnMap": {
      "0": {
        "name": "_layout",
        "decl": {
          "start": { "line": 4, "column": 24 },
          "end": { "line": 4, "column": 31 }
        },
        "loc": {
          "start": { "line": 4, "column": 34 },
          "end": { "line": 21, "column": 1 }
        },
        "line": 4
      }
    },
    "branchMap": {},
    "s": { "0": 0, "1": 0, "2": 0, "3": 0, "4": 0 },
    "f": { "0": 0 },
    "b": {}
  },
  "C:\\Users\\dgett\\Documents\\Progetti\\HydroView\\app\\(drawer)\\(settings)\\(general)\\_layout.tsx": {
    "path": "C:\\Users\\dgett\\Documents\\Progetti\\HydroView\\app\\(drawer)\\(settings)\\(general)\\_layout.tsx",
    "statementMap": {
      "0": {
        "start": { "line": 4, "column": 2 },
        "end": { "line": 4, "column": 28 }
      }
    },
    "fnMap": {
      "0": {
        "name": "GeneralLayout",
        "decl": {
          "start": { "line": 3, "column": 24 },
          "end": { "line": 3, "column": 37 }
        },
        "loc": {
          "start": { "line": 3, "column": 40 },
          "end": { "line": 5, "column": 1 }
        },
        "line": 3
      }
    },
    "branchMap": {},
    "s": { "0": 0 },
    "f": { "0": 0 },
    "b": {}
  },
  "C:\\Users\\dgett\\Documents\\Progetti\\HydroView\\app\\(drawer)\\(settings)\\(privacy)\\_layout.tsx": {
    "path": "C:\\Users\\dgett\\Documents\\Progetti\\HydroView\\app\\(drawer)\\(settings)\\(privacy)\\_layout.tsx",
    "statementMap": {
      "0": {
        "start": { "line": 4, "column": 2 },
        "end": { "line": 4, "column": 28 }
      }
    },
    "fnMap": {
      "0": {
        "name": "PrivacyLayout",
        "decl": {
          "start": { "line": 3, "column": 24 },
          "end": { "line": 3, "column": 37 }
        },
        "loc": {
          "start": { "line": 3, "column": 40 },
          "end": { "line": 5, "column": 1 }
        },
        "line": 3
      }
    },
    "branchMap": {},
    "s": { "0": 0 },
    "f": { "0": 0 },
    "b": {}
  },
  "C:\\Users\\dgett\\Documents\\Progetti\\HydroView\\app\\context\\DrawerContext.tsx": {
    "path": "C:\\Users\\dgett\\Documents\\Progetti\\HydroView\\app\\context\\DrawerContext.tsx",
    "statementMap": {
      "0": {
        "start": { "line": 8, "column": 22 },
        "end": { "line": 8, "column": 77 }
      },
      "1": {
        "start": { "line": 11, "column": 46 },
        "end": { "line": 11, "column": 62 }
      },
      "2": {
        "start": { "line": 13, "column": 2 },
        "end": { "line": 17, "column": 4 }
      },
      "3": {
        "start": { "line": 21, "column": 18 },
        "end": { "line": 21, "column": 43 }
      },
      "4": {
        "start": { "line": 22, "column": 2 },
        "end": { "line": 24, "column": 3 }
      },
      "5": {
        "start": { "line": 23, "column": 4 },
        "end": { "line": 23, "column": 70 }
      },
      "6": {
        "start": { "line": 25, "column": 2 },
        "end": { "line": 25, "column": 17 }
      }
    },
    "fnMap": {
      "0": {
        "name": "DrawerProvider",
        "decl": {
          "start": { "line": 10, "column": 16 },
          "end": { "line": 10, "column": 30 }
        },
        "loc": {
          "start": { "line": 10, "column": 76 },
          "end": { "line": 18, "column": 1 }
        },
        "line": 10
      },
      "1": {
        "name": "useDrawer",
        "decl": {
          "start": { "line": 20, "column": 16 },
          "end": { "line": 20, "column": 25 }
        },
        "loc": {
          "start": { "line": 20, "column": 28 },
          "end": { "line": 26, "column": 1 }
        },
        "line": 20
      }
    },
    "branchMap": {
      "0": {
        "loc": {
          "start": { "line": 22, "column": 2 },
          "end": { "line": 24, "column": 3 }
        },
        "type": "if",
        "locations": [
          {
            "start": { "line": 22, "column": 2 },
            "end": { "line": 24, "column": 3 }
          },
          { "start": {}, "end": {} }
        ],
        "line": 22
      }
    },
    "s": { "0": 0, "1": 0, "2": 0, "3": 0, "4": 0, "5": 0, "6": 0 },
    "f": { "0": 0, "1": 0 },
    "b": { "0": [0, 0] }
  },
  "C:\\Users\\dgett\\Documents\\Progetti\\HydroView\\app\\sections\\general.tsx": {
    "path": "C:\\Users\\dgett\\Documents\\Progetti\\HydroView\\app\\sections\\general.tsx",
    "statementMap": {
      "0": {
        "start": { "line": 4, "column": 2 },
        "end": { "line": 8, "column": 4 }
      },
      "1": {
        "start": { "line": 11, "column": 15 },
        "end": { "line": 17, "column": 2 }
      }
    },
    "fnMap": {
      "0": {
        "name": "GeneralSection",
        "decl": {
          "start": { "line": 3, "column": 24 },
          "end": { "line": 3, "column": 38 }
        },
        "loc": {
          "start": { "line": 3, "column": 41 },
          "end": { "line": 9, "column": 1 }
        },
        "line": 3
      }
    },
    "branchMap": {},
    "s": { "0": 0, "1": 0 },
    "f": { "0": 0 },
    "b": {}
  },
  "C:\\Users\\dgett\\Documents\\Progetti\\HydroView\\app\\sections\\home.tsx": {
    "path": "C:\\Users\\dgett\\Documents\\Progetti\\HydroView\\app\\sections\\home.tsx",
    "statementMap": {
      "0": {
        "start": { "line": 14, "column": 19 },
        "end": { "line": 14, "column": 36 }
      },
      "1": {
        "start": { "line": 16, "column": 2 },
        "end": { "line": 18, "column": 9 }
      },
      "2": {
        "start": { "line": 17, "column": 4 },
        "end": { "line": 17, "column": 57 }
      },
      "3": {
        "start": { "line": 20, "column": 2 },
        "end": { "line": 40, "column": 4 }
      },
      "4": {
        "start": { "line": 43, "column": 15 },
        "end": { "line": 54, "column": 2 }
      }
    },
    "fnMap": {
      "0": {
        "name": "HomeSection",
        "decl": {
          "start": { "line": 13, "column": 24 },
          "end": { "line": 13, "column": 35 }
        },
        "loc": {
          "start": { "line": 13, "column": 38 },
          "end": { "line": 41, "column": 1 }
        },
        "line": 13
      },
      "1": {
        "name": "(anonymous_1)",
        "decl": {
          "start": { "line": 16, "column": 12 },
          "end": { "line": 16, "column": 13 }
        },
        "loc": {
          "start": { "line": 16, "column": 18 },
          "end": { "line": 18, "column": 3 }
        },
        "line": 16
      }
    },
    "branchMap": {},
    "s": { "0": 0, "1": 0, "2": 0, "3": 0, "4": 0 },
    "f": { "0": 0, "1": 0 },
    "b": {}
  },
  "C:\\Users\\dgett\\Documents\\Progetti\\HydroView\\app\\sections\\notifications.tsx": {
    "path": "C:\\Users\\dgett\\Documents\\Progetti\\HydroView\\app\\sections\\notifications.tsx",
    "statementMap": {
      "0": {
        "start": { "line": 4, "column": 2 },
        "end": { "line": 8, "column": 4 }
      },
      "1": {
        "start": { "line": 11, "column": 15 },
        "end": { "line": 17, "column": 2 }
      }
    },
    "fnMap": {
      "0": {
        "name": "NotificationsSection",
        "decl": {
          "start": { "line": 3, "column": 24 },
          "end": { "line": 3, "column": 44 }
        },
        "loc": {
          "start": { "line": 3, "column": 47 },
          "end": { "line": 9, "column": 1 }
        },
        "line": 3
      }
    },
    "branchMap": {},
    "s": { "0": 0, "1": 0 },
    "f": { "0": 0 },
    "b": {}
  },
  "C:\\Users\\dgett\\Documents\\Progetti\\HydroView\\app\\sections\\privacy.tsx": {
    "path": "C:\\Users\\dgett\\Documents\\Progetti\\HydroView\\app\\sections\\privacy.tsx",
    "statementMap": {
      "0": {
        "start": { "line": 4, "column": 2 },
        "end": { "line": 8, "column": 4 }
      },
      "1": {
        "start": { "line": 11, "column": 15 },
        "end": { "line": 17, "column": 2 }
      }
    },
    "fnMap": {
      "0": {
        "name": "PrivacySection",
        "decl": {
          "start": { "line": 3, "column": 24 },
          "end": { "line": 3, "column": 38 }
        },
        "loc": {
          "start": { "line": 3, "column": 41 },
          "end": { "line": 9, "column": 1 }
        },
        "line": 3
      }
    },
    "branchMap": {},
    "s": { "0": 0, "1": 0 },
    "f": { "0": 0 },
    "b": {}
  },
  "C:\\Users\\dgett\\Documents\\Progetti\\HydroView\\app\\sections\\profile.tsx": {
    "path": "C:\\Users\\dgett\\Documents\\Progetti\\HydroView\\app\\sections\\profile.tsx",
    "statementMap": {
      "0": {
        "start": { "line": 4, "column": 2 },
        "end": { "line": 8, "column": 4 }
      },
      "1": {
        "start": { "line": 11, "column": 15 },
        "end": { "line": 17, "column": 2 }
      }
    },
    "fnMap": {
      "0": {
        "name": "ProfileSection",
        "decl": {
          "start": { "line": 3, "column": 24 },
          "end": { "line": 3, "column": 38 }
        },
        "loc": {
          "start": { "line": 3, "column": 41 },
          "end": { "line": 9, "column": 1 }
        },
        "line": 3
      }
    },
    "branchMap": {},
    "s": { "0": 0, "1": 0 },
    "f": { "0": 0 },
    "b": {}
  },
  "C:\\Users\\dgett\\Documents\\Progetti\\HydroView\\app\\sections\\settings.tsx": {
    "path": "C:\\Users\\dgett\\Documents\\Progetti\\HydroView\\app\\sections\\settings.tsx",
    "statementMap": {
      "0": {
        "start": { "line": 4, "column": 2 },
        "end": { "line": 8, "column": 4 }
      },
      "1": {
        "start": { "line": 11, "column": 15 },
        "end": { "line": 17, "column": 2 }
      }
    },
    "fnMap": {
      "0": {
        "name": "SettingSection",
        "decl": {
          "start": { "line": 3, "column": 24 },
          "end": { "line": 3, "column": 38 }
        },
        "loc": {
          "start": { "line": 3, "column": 41 },
          "end": { "line": 9, "column": 1 }
        },
        "line": 3
      }
    },
    "branchMap": {},
    "s": { "0": 0, "1": 0 },
    "f": { "0": 0 },
    "b": {}
  },
  "C:\\Users\\dgett\\Documents\\Progetti\\HydroView\\app\\shared\\component\\custom-avatar.tsx": {
    "path": "C:\\Users\\dgett\\Documents\\Progetti\\HydroView\\app\\shared\\component\\custom-avatar.tsx",
    "statementMap": {
      "0": {
        "start": { "line": 17, "column": 2 },
        "end": { "line": 27, "column": 4 }
      }
    },
    "fnMap": {
      "0": {
        "name": "CustomAvatar",
        "decl": {
          "start": { "line": 13, "column": 24 },
          "end": { "line": 13, "column": 36 }
        },
        "loc": {
          "start": { "line": 16, "column": 22 },
          "end": { "line": 28, "column": 1 }
        },
        "line": 16
      }
    },
    "branchMap": {},
    "s": { "0": 0 },
    "f": { "0": 0 },
    "b": {}
  },
  "C:\\Users\\dgett\\Documents\\Progetti\\HydroView\\app\\tabs\\_layout.tsx": {
    "path": "C:\\Users\\dgett\\Documents\\Progetti\\HydroView\\app\\tabs\\_layout.tsx",
    "statementMap": {
      "0": {
        "start": { "line": 4, "column": 17 },
        "end": { "line": 20, "column": 1 }
      },
      "1": {
        "start": { "line": 23, "column": 2 },
        "end": { "line": 23, "column": 37 }
      },
      "2": {
        "start": { "line": 25, "column": 2 },
        "end": { "line": 40, "column": 4 }
      },
      "3": {
        "start": { "line": 28, "column": 8 },
        "end": { "line": 37, "column": 10 }
      },
      "4": {
        "start": { "line": 34, "column": 14 },
        "end": { "line": 34, "column": 69 }
      }
    },
    "fnMap": {
      "0": {
        "name": "TabLayout",
        "decl": {
          "start": { "line": 22, "column": 24 },
          "end": { "line": 22, "column": 33 }
        },
        "loc": {
          "start": { "line": 22, "column": 36 },
          "end": { "line": 41, "column": 1 }
        },
        "line": 22
      },
      "1": {
        "name": "(anonymous_1)",
        "decl": {
          "start": { "line": 27, "column": 20 },
          "end": { "line": 27, "column": 21 }
        },
        "loc": {
          "start": { "line": 28, "column": 8 },
          "end": { "line": 37, "column": 10 }
        },
        "line": 28
      },
      "2": {
        "name": "(anonymous_2)",
        "decl": {
          "start": { "line": 33, "column": 24 },
          "end": { "line": 33, "column": 25 }
        },
        "loc": {
          "start": { "line": 34, "column": 14 },
          "end": { "line": 34, "column": 69 }
        },
        "line": 34
      }
    },
    "branchMap": {},
    "s": { "0": 0, "1": 0, "2": 0, "3": 0, "4": 0 },
    "f": { "0": 0, "1": 0, "2": 0 },
    "b": {}
  },
  "C:\\Users\\dgett\\Documents\\Progetti\\HydroView\\components\\ui\\avatar\\index.tsx": {
    "path": "C:\\Users\\dgett\\Documents\\Progetti\\HydroView\\components\\ui\\avatar\\index.tsx",
    "statementMap": {
      "0": {
        "start": { "line": 12, "column": 14 },
        "end": { "line": 12, "column": 22 }
      },
      "1": {
        "start": { "line": 15, "column": 17 },
        "end": { "line": 21, "column": 2 }
      },
      "2": {
        "start": { "line": 23, "column": 20 },
        "end": { "line": 35, "column": 2 }
      },
      "3": {
        "start": { "line": 37, "column": 32 },
        "end": { "line": 50, "column": 2 }
      },
      "4": {
        "start": { "line": 52, "column": 25 },
        "end": { "line": 54, "column": 2 }
      },
      "5": {
        "start": { "line": 56, "column": 25 },
        "end": { "line": 68, "column": 2 }
      },
      "6": {
        "start": { "line": 70, "column": 25 },
        "end": { "line": 72, "column": 2 }
      },
      "7": {
        "start": { "line": 80, "column": 15 },
        "end": { "line": 92, "column": 2 }
      },
      "8": {
        "start": { "line": 82, "column": 4 },
        "end": { "line": 92, "column": 2 }
      },
      "9": {
        "start": { "line": 84, "column": 2 },
        "end": { "line": 91, "column": 4 }
      },
      "10": {
        "start": { "line": 98, "column": 20 },
        "end": { "line": 117, "column": 2 }
      },
      "11": {
        "start": { "line": 102, "column": 31 },
        "end": { "line": 102, "column": 53 }
      },
      "12": {
        "start": { "line": 104, "column": 2 },
        "end": { "line": 116, "column": 4 }
      },
      "13": {
        "start": { "line": 124, "column": 27 },
        "end": { "line": 143, "column": 2 }
      },
      "14": {
        "start": { "line": 128, "column": 31 },
        "end": { "line": 128, "column": 53 }
      },
      "15": {
        "start": { "line": 130, "column": 2 },
        "end": { "line": 142, "column": 4 }
      },
      "16": {
        "start": { "line": 148, "column": 20 },
        "end": { "line": 168, "column": 2 }
      },
      "17": {
        "start": { "line": 152, "column": 2 },
        "end": { "line": 167, "column": 4 }
      },
      "18": {
        "start": { "line": 174, "column": 20 },
        "end": { "line": 187, "column": 2 }
      },
      "19": {
        "start": { "line": 178, "column": 2 },
        "end": { "line": 186, "column": 4 }
      }
    },
    "fnMap": {
      "0": {
        "name": "(anonymous_0)",
        "decl": {
          "start": { "line": 80, "column": 15 },
          "end": { "line": 80, "column": 16 }
        },
        "loc": {
          "start": { "line": 82, "column": 4 },
          "end": { "line": 92, "column": 2 }
        },
        "line": 82
      },
      "1": {
        "name": "(anonymous_1)",
        "decl": {
          "start": { "line": 83, "column": 16 },
          "end": { "line": 83, "column": 17 }
        },
        "loc": {
          "start": { "line": 83, "column": 63 },
          "end": { "line": 92, "column": 1 }
        },
        "line": 83
      },
      "2": {
        "name": "(anonymous_2)",
        "decl": {
          "start": { "line": 101, "column": 2 },
          "end": { "line": 101, "column": 3 }
        },
        "loc": {
          "start": { "line": 101, "column": 42 },
          "end": { "line": 117, "column": 1 }
        },
        "line": 101
      },
      "3": {
        "name": "(anonymous_3)",
        "decl": {
          "start": { "line": 127, "column": 2 },
          "end": { "line": 127, "column": 3 }
        },
        "loc": {
          "start": { "line": 127, "column": 42 },
          "end": { "line": 143, "column": 1 }
        },
        "line": 127
      },
      "4": {
        "name": "(anonymous_4)",
        "decl": {
          "start": { "line": 151, "column": 2 },
          "end": { "line": 151, "column": 3 }
        },
        "loc": {
          "start": { "line": 151, "column": 36 },
          "end": { "line": 168, "column": 1 }
        },
        "line": 151
      },
      "5": {
        "name": "(anonymous_5)",
        "decl": {
          "start": { "line": 177, "column": 2 },
          "end": { "line": 177, "column": 3 }
        },
        "loc": {
          "start": { "line": 177, "column": 36 },
          "end": { "line": 187, "column": 1 }
        },
        "line": 177
      }
    },
    "branchMap": {
      "0": {
        "loc": {
          "start": { "line": 83, "column": 30 },
          "end": { "line": 83, "column": 41 }
        },
        "type": "default-arg",
        "locations": [
          {
            "start": { "line": 83, "column": 37 },
            "end": { "line": 83, "column": 41 }
          }
        ],
        "line": 83
      },
      "1": {
        "loc": {
          "start": { "line": 161, "column": 8 },
          "end": { "line": 164, "column": 21 }
        },
        "type": "cond-expr",
        "locations": [
          {
            "start": { "line": 163, "column": 12 },
            "end": { "line": 163, "column": 61 }
          },
          {
            "start": { "line": 164, "column": 12 },
            "end": { "line": 164, "column": 21 }
          }
        ],
        "line": 161
      }
    },
    "s": {
      "0": 0,
      "1": 0,
      "2": 0,
      "3": 0,
      "4": 0,
      "5": 0,
      "6": 0,
      "7": 0,
      "8": 0,
      "9": 0,
      "10": 0,
      "11": 0,
      "12": 0,
      "13": 0,
      "14": 0,
      "15": 0,
      "16": 0,
      "17": 0,
      "18": 0,
      "19": 0
    },
    "f": { "0": 0, "1": 0, "2": 0, "3": 0, "4": 0, "5": 0 },
    "b": { "0": [0], "1": [0, 0] }
  },
  "C:\\Users\\dgett\\Documents\\Progetti\\HydroView\\components\\ui\\box\\index.tsx": {
    "path": "C:\\Users\\dgett\\Documents\\Progetti\\HydroView\\components\\ui\\box\\index.tsx",
    "statementMap": {
      "0": {
        "start": { "line": 10, "column": 12 },
        "end": { "line": 16, "column": 1 }
      },
      "1": {
        "start": { "line": 12, "column": 4 },
        "end": { "line": 14, "column": 6 }
      },
      "2": {
        "start": { "line": 18, "column": 0 },
        "end": { "line": 18, "column": 24 }
      }
    },
    "fnMap": {
      "0": {
        "name": "(anonymous_0)",
        "decl": {
          "start": { "line": 11, "column": 2 },
          "end": { "line": 11, "column": 3 }
        },
        "loc": {
          "start": { "line": 11, "column": 36 },
          "end": { "line": 15, "column": 3 }
        },
        "line": 11
      }
    },
    "branchMap": {},
    "s": { "0": 0, "1": 0, "2": 0 },
    "f": { "0": 0 },
    "b": {}
  },
  "C:\\Users\\dgett\\Documents\\Progetti\\HydroView\\components\\ui\\box\\index.web.tsx": {
    "path": "C:\\Users\\dgett\\Documents\\Progetti\\HydroView\\components\\ui\\box\\index.web.tsx",
    "statementMap": {
      "0": {
        "start": { "line": 9, "column": 12 },
        "end": { "line": 15, "column": 1 }
      },
      "1": {
        "start": { "line": 11, "column": 4 },
        "end": { "line": 13, "column": 6 }
      },
      "2": {
        "start": { "line": 17, "column": 0 },
        "end": { "line": 17, "column": 24 }
      }
    },
    "fnMap": {
      "0": {
        "name": "(anonymous_0)",
        "decl": {
          "start": { "line": 10, "column": 2 },
          "end": { "line": 10, "column": 3 }
        },
        "loc": {
          "start": { "line": 10, "column": 36 },
          "end": { "line": 14, "column": 3 }
        },
        "line": 10
      }
    },
    "branchMap": {},
    "s": { "0": 0, "1": 0, "2": 0 },
    "f": { "0": 0 },
    "b": {}
  },
  "C:\\Users\\dgett\\Documents\\Progetti\\HydroView\\components\\ui\\box\\styles.tsx": {
    "path": "C:\\Users\\dgett\\Documents\\Progetti\\HydroView\\components\\ui\\box\\styles.tsx",
    "statementMap": {
      "0": {
        "start": { "line": 4, "column": 18 },
        "end": { "line": 6, "column": 6 }
      },
      "1": {
        "start": { "line": 8, "column": 24 },
        "end": { "line": 10, "column": 2 }
      }
    },
    "fnMap": {},
    "branchMap": {
      "0": {
        "loc": {
          "start": { "line": 4, "column": 18 },
          "end": { "line": 6, "column": 6 }
        },
        "type": "cond-expr",
        "locations": [
          {
            "start": { "line": 5, "column": 4 },
            "end": { "line": 5, "column": 136 }
          },
          {
            "start": { "line": 6, "column": 4 },
            "end": { "line": 6, "column": 6 }
          }
        ],
        "line": 4
      }
    },
    "s": { "0": 0, "1": 0 },
    "f": {},
    "b": { "0": [0, 0] }
  },
  "C:\\Users\\dgett\\Documents\\Progetti\\HydroView\\components\\ui\\gluestack-ui-provider\\config.ts": {
    "path": "C:\\Users\\dgett\\Documents\\Progetti\\HydroView\\components\\ui\\gluestack-ui-provider\\config.ts",
    "statementMap": {
      "0": {
        "start": { "line": 4, "column": 22 },
        "end": { "line": 309, "column": 1 }
      }
    },
    "fnMap": {},
    "branchMap": {},
    "s": { "0": 0 },
    "f": {},
    "b": {}
  },
  "C:\\Users\\dgett\\Documents\\Progetti\\HydroView\\components\\ui\\gluestack-ui-provider\\index.tsx": {
    "path": "C:\\Users\\dgett\\Documents\\Progetti\\HydroView\\components\\ui\\gluestack-ui-provider\\index.tsx",
    "statementMap": {
      "0": {
        "start": { "line": 10, "column": 27 },
        "end": { "line": 18, "column": 1 }
      },
      "1": {
        "start": { "line": 14, "column": 2 },
        "end": { "line": 16, "column": 3 }
      },
      "2": {
        "start": { "line": 15, "column": 4 },
        "end": { "line": 15, "column": 34 }
      },
      "3": {
        "start": { "line": 17, "column": 2 },
        "end": { "line": 17, "column": 14 }
      },
      "4": {
        "start": { "line": 28, "column": 22 },
        "end": { "line": 28, "column": 38 }
      },
      "5": {
        "start": { "line": 30, "column": 26 },
        "end": { "line": 30, "column": 63 }
      },
      "6": {
        "start": { "line": 32, "column": 2 },
        "end": { "line": 32, "column": 26 }
      },
      "7": {
        "start": { "line": 34, "column": 2 },
        "end": { "line": 46, "column": 4 }
      }
    },
    "fnMap": {
      "0": {
        "name": "(anonymous_0)",
        "decl": {
          "start": { "line": 10, "column": 27 },
          "end": { "line": 10, "column": 28 }
        },
        "loc": {
          "start": { "line": 13, "column": 23 },
          "end": { "line": 18, "column": 1 }
        },
        "line": 13
      },
      "1": {
        "name": "GluestackUIProvider",
        "decl": {
          "start": { "line": 20, "column": 16 },
          "end": { "line": 20, "column": 35 }
        },
        "loc": {
          "start": { "line": 27, "column": 3 },
          "end": { "line": 47, "column": 1 }
        },
        "line": 27
      }
    },
    "branchMap": {
      "0": {
        "loc": {
          "start": { "line": 14, "column": 2 },
          "end": { "line": 16, "column": 3 }
        },
        "type": "if",
        "locations": [
          {
            "start": { "line": 14, "column": 2 },
            "end": { "line": 16, "column": 3 }
          },
          { "start": {}, "end": {} }
        ],
        "line": 14
      },
      "1": {
        "loc": {
          "start": { "line": 15, "column": 11 },
          "end": { "line": 15, "column": 33 }
        },
        "type": "binary-expr",
        "locations": [
          {
            "start": { "line": 15, "column": 11 },
            "end": { "line": 15, "column": 22 }
          },
          {
            "start": { "line": 15, "column": 26 },
            "end": { "line": 15, "column": 33 }
          }
        ],
        "line": 15
      },
      "2": {
        "loc": {
          "start": { "line": 21, "column": 2 },
          "end": { "line": 21, "column": 16 }
        },
        "type": "default-arg",
        "locations": [
          {
            "start": { "line": 21, "column": 9 },
            "end": { "line": 21, "column": 16 }
          }
        ],
        "line": 21
      }
    },
    "s": { "0": 0, "1": 0, "2": 0, "3": 0, "4": 0, "5": 0, "6": 0, "7": 0 },
    "f": { "0": 0, "1": 0 },
    "b": { "0": [0, 0], "1": [0, 0], "2": [0] }
  },
  "C:\\Users\\dgett\\Documents\\Progetti\\HydroView\\components\\ui\\gluestack-ui-provider\\index.web.tsx": {
    "path": "C:\\Users\\dgett\\Documents\\Progetti\\HydroView\\components\\ui\\gluestack-ui-provider\\index.web.tsx",
    "statementMap": {
      "0": {
        "start": { "line": 9, "column": 27 },
        "end": { "line": 9, "column": 45 }
      },
      "1": {
        "start": { "line": 10, "column": 20 },
        "end": { "line": 15, "column": 1 }
      },
      "2": {
        "start": { "line": 11, "column": 16 },
        "end": { "line": 11, "column": 47 }
      },
      "3": {
        "start": { "line": 12, "column": 2 },
        "end": { "line": 12, "column": 24 }
      },
      "4": {
        "start": { "line": 13, "column": 2 },
        "end": { "line": 13, "column": 49 }
      },
      "5": {
        "start": { "line": 14, "column": 2 },
        "end": { "line": 14, "column": 15 }
      },
      "6": {
        "start": { "line": 18, "column": 2 },
        "end": { "line": 18, "column": 61 }
      },
      "7": {
        "start": { "line": 27, "column": 29 },
        "end": { "line": 27, "column": 31 }
      },
      "8": {
        "start": { "line": 28, "column": 2 },
        "end": { "line": 38, "column": 5 }
      },
      "9": {
        "start": { "line": 29, "column": 4 },
        "end": { "line": 30, "column": 61 }
      },
      "10": {
        "start": { "line": 31, "column": 25 },
        "end": { "line": 36, "column": 10 }
      },
      "11": {
        "start": { "line": 34, "column": 6 },
        "end": { "line": 34, "column": 75 }
      },
      "12": {
        "start": { "line": 35, "column": 6 },
        "end": { "line": 35, "column": 17 }
      },
      "13": {
        "start": { "line": 37, "column": 4 },
        "end": { "line": 37, "column": 50 }
      },
      "14": {
        "start": { "line": 40, "column": 2 },
        "end": { "line": 40, "column": 39 }
      },
      "15": {
        "start": { "line": 42, "column": 27 },
        "end": { "line": 44, "column": 8 }
      },
      "16": {
        "start": { "line": 43, "column": 4 },
        "end": { "line": 43, "column": 41 }
      },
      "17": {
        "start": { "line": 46, "column": 2 },
        "end": { "line": 55, "column": 13 }
      },
      "18": {
        "start": { "line": 47, "column": 4 },
        "end": { "line": 54, "column": 5 }
      },
      "19": {
        "start": { "line": 48, "column": 30 },
        "end": { "line": 48, "column": 54 }
      },
      "20": {
        "start": { "line": 49, "column": 6 },
        "end": { "line": 53, "column": 7 }
      },
      "21": {
        "start": { "line": 50, "column": 8 },
        "end": { "line": 50, "column": 44 }
      },
      "22": {
        "start": { "line": 51, "column": 8 },
        "end": { "line": 51, "column": 78 }
      },
      "23": {
        "start": { "line": 52, "column": 8 },
        "end": { "line": 52, "column": 49 }
      },
      "24": {
        "start": { "line": 57, "column": 2 },
        "end": { "line": 64, "column": 25 }
      },
      "25": {
        "start": { "line": 58, "column": 4 },
        "end": { "line": 58, "column": 34 }
      },
      "26": {
        "start": { "line": 58, "column": 27 },
        "end": { "line": 58, "column": 34 }
      },
      "27": {
        "start": { "line": 59, "column": 18 },
        "end": { "line": 59, "column": 67 }
      },
      "28": {
        "start": { "line": 61, "column": 4 },
        "end": { "line": 61, "column": 40 }
      },
      "29": {
        "start": { "line": 63, "column": 4 },
        "end": { "line": 63, "column": 56 }
      },
      "30": {
        "start": { "line": 63, "column": 17 },
        "end": { "line": 63, "column": 55 }
      },
      "31": {
        "start": { "line": 66, "column": 2 },
        "end": { "line": 79, "column": 9 }
      },
      "32": {
        "start": { "line": 67, "column": 4 },
        "end": { "line": 78, "column": 5 }
      },
      "33": {
        "start": { "line": 68, "column": 30 },
        "end": { "line": 68, "column": 54 }
      },
      "34": {
        "start": { "line": 69, "column": 6 },
        "end": { "line": 77, "column": 7 }
      },
      "35": {
        "start": { "line": 70, "column": 21 },
        "end": { "line": 70, "column": 58 }
      },
      "36": {
        "start": { "line": 71, "column": 20 },
        "end": { "line": 71, "column": 71 }
      },
      "37": {
        "start": { "line": 72, "column": 8 },
        "end": { "line": 76, "column": 9 }
      },
      "38": {
        "start": { "line": 73, "column": 10 },
        "end": { "line": 73, "column": 50 }
      },
      "39": {
        "start": { "line": 74, "column": 10 },
        "end": { "line": 74, "column": 49 }
      },
      "40": {
        "start": { "line": 75, "column": 10 },
        "end": { "line": 75, "column": 44 }
      },
      "41": {
        "start": { "line": 75, "column": 20 },
        "end": { "line": 75, "column": 44 }
      },
      "42": {
        "start": { "line": 81, "column": 2 },
        "end": { "line": 93, "column": 4 }
      }
    },
    "fnMap": {
      "0": {
        "name": "(anonymous_0)",
        "decl": {
          "start": { "line": 10, "column": 20 },
          "end": { "line": 10, "column": 21 }
        },
        "loc": {
          "start": { "line": 10, "column": 44 },
          "end": { "line": 15, "column": 1 }
        },
        "line": 10
      },
      "1": {
        "name": "GluestackUIProvider",
        "decl": {
          "start": { "line": 20, "column": 16 },
          "end": { "line": 20, "column": 35 }
        },
        "loc": {
          "start": { "line": 26, "column": 3 },
          "end": { "line": 94, "column": 1 }
        },
        "line": 26
      },
      "2": {
        "name": "(anonymous_2)",
        "decl": {
          "start": { "line": 28, "column": 30 },
          "end": { "line": 28, "column": 31 }
        },
        "loc": {
          "start": { "line": 28, "column": 45 },
          "end": { "line": 38, "column": 3 }
        },
        "line": 28
      },
      "3": {
        "name": "(anonymous_3)",
        "decl": {
          "start": { "line": 33, "column": 13 },
          "end": { "line": 33, "column": 14 }
        },
        "loc": {
          "start": { "line": 33, "column": 44 },
          "end": { "line": 36, "column": 5 }
        },
        "line": 33
      },
      "4": {
        "name": "(anonymous_4)",
        "decl": {
          "start": { "line": 42, "column": 45 },
          "end": { "line": 42, "column": 46 }
        },
        "loc": {
          "start": { "line": 42, "column": 73 },
          "end": { "line": 44, "column": 3 }
        },
        "line": 42
      },
      "5": {
        "name": "(anonymous_5)",
        "decl": {
          "start": { "line": 46, "column": 22 },
          "end": { "line": 46, "column": 23 }
        },
        "loc": {
          "start": { "line": 46, "column": 28 },
          "end": { "line": 55, "column": 3 }
        },
        "line": 46
      },
      "6": {
        "name": "(anonymous_6)",
        "decl": {
          "start": { "line": 57, "column": 22 },
          "end": { "line": 57, "column": 23 }
        },
        "loc": {
          "start": { "line": 57, "column": 28 },
          "end": { "line": 64, "column": 3 }
        },
        "line": 57
      },
      "7": {
        "name": "(anonymous_7)",
        "decl": {
          "start": { "line": 63, "column": 11 },
          "end": { "line": 63, "column": 12 }
        },
        "loc": {
          "start": { "line": 63, "column": 17 },
          "end": { "line": 63, "column": 55 }
        },
        "line": 63
      },
      "8": {
        "name": "(anonymous_8)",
        "decl": {
          "start": { "line": 66, "column": 22 },
          "end": { "line": 66, "column": 23 }
        },
        "loc": {
          "start": { "line": 66, "column": 28 },
          "end": { "line": 79, "column": 3 }
        },
        "line": 66
      }
    },
    "branchMap": {
      "0": {
        "loc": {
          "start": { "line": 18, "column": 2 },
          "end": { "line": 18, "column": 61 }
        },
        "type": "cond-expr",
        "locations": [
          {
            "start": { "line": 18, "column": 34 },
            "end": { "line": 18, "column": 49 }
          },
          {
            "start": { "line": 18, "column": 52 },
            "end": { "line": 18, "column": 61 }
          }
        ],
        "line": 18
      },
      "1": {
        "loc": {
          "start": { "line": 21, "column": 2 },
          "end": { "line": 21, "column": 16 }
        },
        "type": "default-arg",
        "locations": [
          {
            "start": { "line": 21, "column": 9 },
            "end": { "line": 21, "column": 16 }
          }
        ],
        "line": 21
      },
      "2": {
        "loc": {
          "start": { "line": 30, "column": 6 },
          "end": { "line": 30, "column": 60 }
        },
        "type": "cond-expr",
        "locations": [
          {
            "start": { "line": 30, "column": 29 },
            "end": { "line": 30, "column": 44 }
          },
          {
            "start": { "line": 30, "column": 47 },
            "end": { "line": 30, "column": 60 }
          }
        ],
        "line": 30
      },
      "3": {
        "loc": {
          "start": { "line": 43, "column": 11 },
          "end": { "line": 43, "column": 39 }
        },
        "type": "cond-expr",
        "locations": [
          {
            "start": { "line": 43, "column": 23 },
            "end": { "line": 43, "column": 29 }
          },
          {
            "start": { "line": 43, "column": 32 },
            "end": { "line": 43, "column": 39 }
          }
        ],
        "line": 43
      },
      "4": {
        "loc": {
          "start": { "line": 47, "column": 4 },
          "end": { "line": 54, "column": 5 }
        },
        "type": "if",
        "locations": [
          {
            "start": { "line": 47, "column": 4 },
            "end": { "line": 54, "column": 5 }
          },
          { "start": {}, "end": {} }
        ],
        "line": 47
      },
      "5": {
        "loc": {
          "start": { "line": 49, "column": 6 },
          "end": { "line": 53, "column": 7 }
        },
        "type": "if",
        "locations": [
          {
            "start": { "line": 49, "column": 6 },
            "end": { "line": 53, "column": 7 }
          },
          { "start": {}, "end": {} }
        ],
        "line": 49
      },
      "6": {
        "loc": {
          "start": { "line": 51, "column": 41 },
          "end": { "line": 51, "column": 76 }
        },
        "type": "cond-expr",
        "locations": [
          {
            "start": { "line": 51, "column": 60 },
            "end": { "line": 51, "column": 66 }
          },
          {
            "start": { "line": 51, "column": 69 },
            "end": { "line": 51, "column": 76 }
          }
        ],
        "line": 51
      },
      "7": {
        "loc": {
          "start": { "line": 58, "column": 4 },
          "end": { "line": 58, "column": 34 }
        },
        "type": "if",
        "locations": [
          {
            "start": { "line": 58, "column": 4 },
            "end": { "line": 58, "column": 34 }
          },
          { "start": {}, "end": {} }
        ],
        "line": 58
      },
      "8": {
        "loc": {
          "start": { "line": 67, "column": 4 },
          "end": { "line": 78, "column": 5 }
        },
        "type": "if",
        "locations": [
          {
            "start": { "line": 67, "column": 4 },
            "end": { "line": 78, "column": 5 }
          },
          { "start": {}, "end": {} }
        ],
        "line": 67
      },
      "9": {
        "loc": {
          "start": { "line": 69, "column": 6 },
          "end": { "line": 77, "column": 7 }
        },
        "type": "if",
        "locations": [
          {
            "start": { "line": 69, "column": 6 },
            "end": { "line": 77, "column": 7 }
          },
          { "start": {}, "end": {} }
        ],
        "line": 69
      },
      "10": {
        "loc": {
          "start": { "line": 72, "column": 8 },
          "end": { "line": 76, "column": 9 }
        },
        "type": "if",
        "locations": [
          {
            "start": { "line": 72, "column": 8 },
            "end": { "line": 76, "column": 9 }
          },
          { "start": {}, "end": {} }
        ],
        "line": 72
      },
      "11": {
        "loc": {
          "start": { "line": 75, "column": 10 },
          "end": { "line": 75, "column": 44 }
        },
        "type": "if",
        "locations": [
          {
            "start": { "line": 75, "column": 10 },
            "end": { "line": 75, "column": 44 }
          },
          { "start": {}, "end": {} }
        ],
        "line": 75
      }
    },
    "s": {
      "0": 0,
      "1": 0,
      "2": 0,
      "3": 0,
      "4": 0,
      "5": 0,
      "6": 0,
      "7": 0,
      "8": 0,
      "9": 0,
      "10": 0,
      "11": 0,
      "12": 0,
      "13": 0,
      "14": 0,
      "15": 0,
      "16": 0,
      "17": 0,
      "18": 0,
      "19": 0,
      "20": 0,
      "21": 0,
      "22": 0,
      "23": 0,
      "24": 0,
      "25": 0,
      "26": 0,
      "27": 0,
      "28": 0,
      "29": 0,
      "30": 0,
      "31": 0,
      "32": 0,
      "33": 0,
      "34": 0,
      "35": 0,
      "36": 0,
      "37": 0,
      "38": 0,
      "39": 0,
      "40": 0,
      "41": 0,
      "42": 0
    },
    "f": {
      "0": 0,
      "1": 0,
      "2": 0,
      "3": 0,
      "4": 0,
      "5": 0,
      "6": 0,
      "7": 0,
      "8": 0
    },
    "b": {
      "0": [0, 0],
      "1": [0],
      "2": [0, 0],
      "3": [0, 0],
      "4": [0, 0],
      "5": [0, 0],
      "6": [0, 0],
      "7": [0, 0],
      "8": [0, 0],
      "9": [0, 0],
      "10": [0, 0],
      "11": [0, 0]
    }
  },
  "C:\\Users\\dgett\\Documents\\Progetti\\HydroView\\components\\ui\\gluestack-ui-provider\\script.ts": {
    "path": "C:\\Users\\dgett\\Documents\\Progetti\\HydroView\\components\\ui\\gluestack-ui-provider\\script.ts",
    "statementMap": {
      "0": {
        "start": { "line": 1, "column": 22 },
        "end": { "line": 19, "column": 1 }
      },
      "1": {
        "start": { "line": 2, "column": 26 },
        "end": { "line": 2, "column": 50 }
      },
      "2": {
        "start": { "line": 5, "column": 4 },
        "end": { "line": 7, "column": 16 }
      },
      "3": {
        "start": { "line": 10, "column": 2 },
        "end": { "line": 18, "column": 3 }
      },
      "4": {
        "start": { "line": 11, "column": 21 },
        "end": { "line": 11, "column": 38 }
      },
      "5": {
        "start": { "line": 12, "column": 18 },
        "end": { "line": 12, "column": 56 }
      },
      "6": {
        "start": { "line": 13, "column": 4 },
        "end": { "line": 13, "column": 75 }
      },
      "7": {
        "start": { "line": 14, "column": 4 },
        "end": { "line": 14, "column": 41 }
      },
      "8": {
        "start": { "line": 15, "column": 4 },
        "end": { "line": 15, "column": 46 }
      },
      "9": {
        "start": { "line": 17, "column": 4 },
        "end": { "line": 17, "column": 21 }
      }
    },
    "fnMap": {
      "0": {
        "name": "(anonymous_0)",
        "decl": {
          "start": { "line": 1, "column": 22 },
          "end": { "line": 1, "column": 23 }
        },
        "loc": {
          "start": { "line": 1, "column": 40 },
          "end": { "line": 19, "column": 1 }
        },
        "line": 1
      },
      "1": {
        "name": "getSystemColorMode",
        "decl": {
          "start": { "line": 4, "column": 11 },
          "end": { "line": 4, "column": 29 }
        },
        "loc": {
          "start": { "line": 4, "column": 32 },
          "end": { "line": 8, "column": 3 }
        },
        "line": 4
      }
    },
    "branchMap": {
      "0": {
        "loc": {
          "start": { "line": 5, "column": 11 },
          "end": { "line": 7, "column": 15 }
        },
        "type": "cond-expr",
        "locations": [
          {
            "start": { "line": 6, "column": 8 },
            "end": { "line": 6, "column": 14 }
          },
          {
            "start": { "line": 7, "column": 8 },
            "end": { "line": 7, "column": 15 }
          }
        ],
        "line": 5
      },
      "1": {
        "loc": {
          "start": { "line": 12, "column": 18 },
          "end": { "line": 12, "column": 56 }
        },
        "type": "cond-expr",
        "locations": [
          {
            "start": { "line": 12, "column": 29 },
            "end": { "line": 12, "column": 49 }
          },
          {
            "start": { "line": 12, "column": 52 },
            "end": { "line": 12, "column": 56 }
          }
        ],
        "line": 12
      },
      "2": {
        "loc": {
          "start": { "line": 13, "column": 37 },
          "end": { "line": 13, "column": 73 }
        },
        "type": "cond-expr",
        "locations": [
          {
            "start": { "line": 13, "column": 57 },
            "end": { "line": 13, "column": 63 }
          },
          {
            "start": { "line": 13, "column": 66 },
            "end": { "line": 13, "column": 73 }
          }
        ],
        "line": 13
      }
    },
    "s": {
      "0": 0,
      "1": 0,
      "2": 0,
      "3": 0,
      "4": 0,
      "5": 0,
      "6": 0,
      "7": 0,
      "8": 0,
      "9": 0
    },
    "f": { "0": 0, "1": 0 },
    "b": { "0": [0, 0], "1": [0, 0], "2": [0, 0] }
  },
  "C:\\Users\\dgett\\Documents\\Progetti\\HydroView\\components\\ui\\hstack\\index.tsx": {
    "path": "C:\\Users\\dgett\\Documents\\Progetti\\HydroView\\components\\ui\\hstack\\index.tsx",
    "statementMap": {
      "0": {
        "start": { "line": 9, "column": 15 },
        "end": { "line": 19, "column": 1 }
      },
      "1": {
        "start": { "line": 11, "column": 4 },
        "end": { "line": 17, "column": 6 }
      },
      "2": {
        "start": { "line": 21, "column": 0 },
        "end": { "line": 21, "column": 30 }
      }
    },
    "fnMap": {
      "0": {
        "name": "(anonymous_0)",
        "decl": {
          "start": { "line": 10, "column": 2 },
          "end": { "line": 10, "column": 3 }
        },
        "loc": {
          "start": { "line": 10, "column": 53 },
          "end": { "line": 18, "column": 3 }
        },
        "line": 10
      }
    },
    "branchMap": {},
    "s": { "0": 0, "1": 0, "2": 0 },
    "f": { "0": 0 },
    "b": {}
  },
  "C:\\Users\\dgett\\Documents\\Progetti\\HydroView\\components\\ui\\hstack\\index.web.tsx": {
    "path": "C:\\Users\\dgett\\Documents\\Progetti\\HydroView\\components\\ui\\hstack\\index.web.tsx",
    "statementMap": {
      "0": {
        "start": { "line": 8, "column": 15 },
        "end": { "line": 18, "column": 1 }
      },
      "1": {
        "start": { "line": 10, "column": 4 },
        "end": { "line": 16, "column": 6 }
      },
      "2": {
        "start": { "line": 20, "column": 0 },
        "end": { "line": 20, "column": 30 }
      }
    },
    "fnMap": {
      "0": {
        "name": "(anonymous_0)",
        "decl": {
          "start": { "line": 9, "column": 2 },
          "end": { "line": 9, "column": 3 }
        },
        "loc": {
          "start": { "line": 9, "column": 53 },
          "end": { "line": 17, "column": 3 }
        },
        "line": 9
      }
    },
    "branchMap": {},
    "s": { "0": 0, "1": 0, "2": 0 },
    "f": { "0": 0 },
    "b": {}
  },
  "C:\\Users\\dgett\\Documents\\Progetti\\HydroView\\components\\ui\\hstack\\styles.tsx": {
    "path": "C:\\Users\\dgett\\Documents\\Progetti\\HydroView\\components\\ui\\hstack\\styles.tsx",
    "statementMap": {
      "0": {
        "start": { "line": 4, "column": 18 },
        "end": { "line": 6, "column": 6 }
      },
      "1": {
        "start": { "line": 8, "column": 27 },
        "end": { "line": 25, "column": 2 }
      }
    },
    "fnMap": {},
    "branchMap": {
      "0": {
        "loc": {
          "start": { "line": 4, "column": 18 },
          "end": { "line": 6, "column": 6 }
        },
        "type": "cond-expr",
        "locations": [
          {
            "start": { "line": 5, "column": 4 },
            "end": { "line": 5, "column": 127 }
          },
          {
            "start": { "line": 6, "column": 4 },
            "end": { "line": 6, "column": 6 }
          }
        ],
        "line": 4
      }
    },
    "s": { "0": 0, "1": 0 },
    "f": {},
    "b": { "0": [0, 0] }
  },
  "C:\\Users\\dgett\\Documents\\Progetti\\HydroView\\components\\ui\\vstack\\index.tsx": {
    "path": "C:\\Users\\dgett\\Documents\\Progetti\\HydroView\\components\\ui\\vstack\\index.tsx",
    "statementMap": {
      "0": {
        "start": { "line": 10, "column": 15 },
        "end": { "line": 20, "column": 1 }
      },
      "1": {
        "start": { "line": 12, "column": 4 },
        "end": { "line": 18, "column": 6 }
      },
      "2": {
        "start": { "line": 22, "column": 0 },
        "end": { "line": 22, "column": 30 }
      }
    },
    "fnMap": {
      "0": {
        "name": "(anonymous_0)",
        "decl": {
          "start": { "line": 11, "column": 2 },
          "end": { "line": 11, "column": 3 }
        },
        "loc": {
          "start": { "line": 11, "column": 53 },
          "end": { "line": 19, "column": 3 }
        },
        "line": 11
      }
    },
    "branchMap": {},
    "s": { "0": 0, "1": 0, "2": 0 },
    "f": { "0": 0 },
    "b": {}
  },
  "C:\\Users\\dgett\\Documents\\Progetti\\HydroView\\components\\ui\\vstack\\index.web.tsx": {
    "path": "C:\\Users\\dgett\\Documents\\Progetti\\HydroView\\components\\ui\\vstack\\index.web.tsx",
    "statementMap": {
      "0": {
        "start": { "line": 9, "column": 15 },
        "end": { "line": 19, "column": 1 }
      },
      "1": {
        "start": { "line": 11, "column": 4 },
        "end": { "line": 17, "column": 6 }
      },
      "2": {
        "start": { "line": 21, "column": 0 },
        "end": { "line": 21, "column": 30 }
      }
    },
    "fnMap": {
      "0": {
        "name": "(anonymous_0)",
        "decl": {
          "start": { "line": 10, "column": 2 },
          "end": { "line": 10, "column": 3 }
        },
        "loc": {
          "start": { "line": 10, "column": 53 },
          "end": { "line": 18, "column": 3 }
        },
        "line": 10
      }
    },
    "branchMap": {},
    "s": { "0": 0, "1": 0, "2": 0 },
    "f": { "0": 0 },
    "b": {}
  },
  "C:\\Users\\dgett\\Documents\\Progetti\\HydroView\\components\\ui\\vstack\\styles.tsx": {
    "path": "C:\\Users\\dgett\\Documents\\Progetti\\HydroView\\components\\ui\\vstack\\styles.tsx",
    "statementMap": {
      "0": {
        "start": { "line": 4, "column": 18 },
        "end": { "line": 6, "column": 6 }
      },
      "1": {
        "start": { "line": 8, "column": 27 },
        "end": { "line": 25, "column": 2 }
      }
    },
    "fnMap": {},
    "branchMap": {
      "0": {
        "loc": {
          "start": { "line": 4, "column": 18 },
          "end": { "line": 6, "column": 6 }
        },
        "type": "cond-expr",
        "locations": [
          {
            "start": { "line": 5, "column": 4 },
            "end": { "line": 5, "column": 136 }
          },
          {
            "start": { "line": 6, "column": 4 },
            "end": { "line": 6, "column": 6 }
          }
        ],
        "line": 4
      }
    },
    "s": { "0": 0, "1": 0 },
    "f": {},
    "b": { "0": [0, 0] }
  }
}
