TN:
SF:commitlint.config.js
FNF:0
FNH:0
DA:1,0
LF:1
LH:0
BRF:0
BRH:0
end_of_record
TN:
SF:expo-env.d.ts
FNF:0
FNH:0
LF:0
LH:0
BRF:0
BRH:0
end_of_record
TN:
SF:jest.config.js
FNF:0
FNH:0
DA:1,0
LF:1
LH:0
BRF:0
BRH:0
end_of_record
TN:
SF:metro.config.js
FNF:0
FNH:0
DA:4,0
DA:6,0
LF:2
LH:0
BRF:0
BRH:0
end_of_record
TN:
SF:nativewind-env.d.ts
FNF:0
FNH:0
LF:0
LH:0
BRF:0
BRH:0
end_of_record
TN:
SF:tailwind.config.js
FNF:0
FNH:0
DA:4,0
LF:1
LH:0
BRF:0
BRH:0
end_of_record
TN:
SF:.expo\types\router.d.ts
FNF:0
FNH:0
LF:0
LH:0
BRF:0
BRH:0
end_of_record
TN:
SF:app\+not-found.tsx
FN:5,NotFoundScreen
FNF:1
FNH:0
FNDA:0,NotFoundScreen
DA:6,0
DA:16,0
LF:2
LH:0
BRF:0
BRH:0
end_of_record
TN:
SF:app\_layout.tsx
FN:7,RootLayout
FNF:1
FNH:0
FNDA:0,RootLayout
DA:8,0
LF:1
LH:0
BRF:0
BRH:0
end_of_record
TN:
SF:app\(drawer)\_layout.tsx
FN:4,DrawerLayoutContent
FN:37,DrawerLayout
FNF:2
FNH:0
FNDA:0,DrawerLayoutContent
FNDA:0,DrawerLayout
DA:5,0
DA:38,0
LF:2
LH:0
BRF:0
BRH:0
end_of_record
TN:
SF:app\(drawer)\(home)\_layout.tsx
FN:4,HomeLayout
FNF:1
FNH:0
FNDA:0,HomeLayout
DA:5,0
DA:7,0
DA:8,0
DA:14,0
DA:15,0
LF:5
LH:0
BRF:0
BRH:0
end_of_record
TN:
SF:app\(drawer)\(home)\(home)\_layout.tsx
FN:3,HomeLayout
FNF:1
FNH:0
FNDA:0,HomeLayout
DA:4,0
LF:1
LH:0
BRF:0
BRH:0
end_of_record
TN:
SF:app\(drawer)\(home)\(notifications)\_layout.tsx
FN:3,NotificationsLayout
FNF:1
FNH:0
FNDA:0,NotificationsLayout
DA:4,0
LF:1
LH:0
BRF:0
BRH:0
end_of_record
TN:
SF:app\(drawer)\(profile)\_layout.tsx
FN:3,ProfileLayout
FNF:1
FNH:0
FNDA:0,ProfileLayout
DA:4,0
LF:1
LH:0
BRF:0
BRH:0
end_of_record
TN:
SF:app\(drawer)\(settings)\_layout.tsx
FN:4,_layout
FNF:1
FNH:0
FNDA:0,_layout
DA:5,0
DA:7,0
DA:8,0
DA:14,0
DA:15,0
LF:5
LH:0
BRF:0
BRH:0
end_of_record
TN:
SF:app\(drawer)\(settings)\(general)\_layout.tsx
FN:3,GeneralLayout
FNF:1
FNH:0
FNDA:0,GeneralLayout
DA:4,0
LF:1
LH:0
BRF:0
BRH:0
end_of_record
TN:
SF:app\(drawer)\(settings)\(privacy)\_layout.tsx
FN:3,PrivacyLayout
FNF:1
FNH:0
FNDA:0,PrivacyLayout
DA:4,0
LF:1
LH:0
BRF:0
BRH:0
end_of_record
TN:
SF:app\context\DrawerContext.tsx
FN:10,DrawerProvider
FN:20,useDrawer
FNF:2
FNH:0
FNDA:0,DrawerProvider
FNDA:0,useDrawer
DA:8,0
DA:11,0
DA:13,0
DA:21,0
DA:22,0
DA:23,0
DA:25,0
LF:7
LH:0
BRDA:22,0,0,0
BRDA:22,0,1,0
BRF:2
BRH:0
end_of_record
TN:
SF:app\sections\general.tsx
FN:3,GeneralSection
FNF:1
FNH:0
FNDA:0,GeneralSection
DA:4,0
DA:11,0
LF:2
LH:0
BRF:0
BRH:0
end_of_record
TN:
SF:app\sections\home.tsx
FN:13,HomeSection
FN:16,(anonymous_1)
FNF:2
FNH:0
FNDA:0,HomeSection
FNDA:0,(anonymous_1)
DA:14,0
DA:16,0
DA:17,0
DA:20,0
DA:43,0
LF:5
LH:0
BRF:0
BRH:0
end_of_record
TN:
SF:app\sections\notifications.tsx
FN:3,NotificationsSection
FNF:1
FNH:0
FNDA:0,NotificationsSection
DA:4,0
DA:11,0
LF:2
LH:0
BRF:0
BRH:0
end_of_record
TN:
SF:app\sections\privacy.tsx
FN:3,PrivacySection
FNF:1
FNH:0
FNDA:0,PrivacySection
DA:4,0
DA:11,0
LF:2
LH:0
BRF:0
BRH:0
end_of_record
TN:
SF:app\sections\profile.tsx
FN:3,ProfileSection
FNF:1
FNH:0
FNDA:0,ProfileSection
DA:4,0
DA:11,0
LF:2
LH:0
BRF:0
BRH:0
end_of_record
TN:
SF:app\sections\settings.tsx
FN:3,SettingSection
FNF:1
FNH:0
FNDA:0,SettingSection
DA:4,0
DA:11,0
LF:2
LH:0
BRF:0
BRH:0
end_of_record
TN:
SF:app\shared\component\custom-avatar.tsx
FN:13,CustomAvatar
FNF:1
FNH:0
FNDA:0,CustomAvatar
DA:17,0
LF:1
LH:0
BRF:0
BRH:0
end_of_record
TN:
SF:app\tabs\_layout.tsx
FN:22,TabLayout
FN:27,(anonymous_1)
FN:33,(anonymous_2)
FNF:3
FNH:0
FNDA:0,TabLayout
FNDA:0,(anonymous_1)
FNDA:0,(anonymous_2)
DA:4,0
DA:23,0
DA:25,0
DA:28,0
DA:34,0
LF:5
LH:0
BRF:0
BRH:0
end_of_record
TN:
SF:components\ui\avatar\index.tsx
FN:80,(anonymous_0)
FN:83,(anonymous_1)
FN:101,(anonymous_2)
FN:127,(anonymous_3)
FN:151,(anonymous_4)
FN:177,(anonymous_5)
FNF:6
FNH:0
FNDA:0,(anonymous_0)
FNDA:0,(anonymous_1)
FNDA:0,(anonymous_2)
FNDA:0,(anonymous_3)
FNDA:0,(anonymous_4)
FNDA:0,(anonymous_5)
DA:12,0
DA:15,0
DA:23,0
DA:37,0
DA:52,0
DA:56,0
DA:70,0
DA:80,0
DA:82,0
DA:84,0
DA:98,0
DA:102,0
DA:104,0
DA:124,0
DA:128,0
DA:130,0
DA:148,0
DA:152,0
DA:174,0
DA:178,0
LF:20
LH:0
BRDA:83,0,0,0
BRDA:161,1,0,0
BRDA:161,1,1,0
BRF:3
BRH:0
end_of_record
TN:
SF:components\ui\box\index.tsx
FN:11,(anonymous_0)
FNF:1
FNH:0
FNDA:0,(anonymous_0)
DA:10,0
DA:12,0
DA:18,0
LF:3
LH:0
BRF:0
BRH:0
end_of_record
TN:
SF:components\ui\box\index.web.tsx
FN:10,(anonymous_0)
FNF:1
FNH:0
FNDA:0,(anonymous_0)
DA:9,0
DA:11,0
DA:17,0
LF:3
LH:0
BRF:0
BRH:0
end_of_record
TN:
SF:components\ui\box\styles.tsx
FNF:0
FNH:0
DA:4,0
DA:8,0
LF:2
LH:0
BRDA:4,0,0,0
BRDA:4,0,1,0
BRF:2
BRH:0
end_of_record
TN:
SF:components\ui\gluestack-ui-provider\config.ts
FNF:0
FNH:0
DA:4,0
LF:1
LH:0
BRF:0
BRH:0
end_of_record
TN:
SF:components\ui\gluestack-ui-provider\index.tsx
FN:10,(anonymous_0)
FN:20,GluestackUIProvider
FNF:2
FNH:0
FNDA:0,(anonymous_0)
FNDA:0,GluestackUIProvider
DA:10,0
DA:14,0
DA:15,0
DA:17,0
DA:28,0
DA:30,0
DA:32,0
DA:34,0
LF:8
LH:0
BRDA:14,0,0,0
BRDA:14,0,1,0
BRDA:15,1,0,0
BRDA:15,1,1,0
BRDA:21,2,0,0
BRF:5
BRH:0
end_of_record
TN:
SF:components\ui\gluestack-ui-provider\index.web.tsx
FN:10,(anonymous_0)
FN:20,GluestackUIProvider
FN:28,(anonymous_2)
FN:33,(anonymous_3)
FN:42,(anonymous_4)
FN:46,(anonymous_5)
FN:57,(anonymous_6)
FN:63,(anonymous_7)
FN:66,(anonymous_8)
FNF:9
FNH:0
FNDA:0,(anonymous_0)
FNDA:0,GluestackUIProvider
FNDA:0,(anonymous_2)
FNDA:0,(anonymous_3)
FNDA:0,(anonymous_4)
FNDA:0,(anonymous_5)
FNDA:0,(anonymous_6)
FNDA:0,(anonymous_7)
FNDA:0,(anonymous_8)
DA:9,0
DA:10,0
DA:11,0
DA:12,0
DA:13,0
DA:14,0
DA:18,0
DA:27,0
DA:28,0
DA:29,0
DA:31,0
DA:34,0
DA:35,0
DA:37,0
DA:40,0
DA:42,0
DA:43,0
DA:46,0
DA:47,0
DA:48,0
DA:49,0
DA:50,0
DA:51,0
DA:52,0
DA:57,0
DA:58,0
DA:59,0
DA:61,0
DA:63,0
DA:66,0
DA:67,0
DA:68,0
DA:69,0
DA:70,0
DA:71,0
DA:72,0
DA:73,0
DA:74,0
DA:75,0
DA:81,0
LF:40
LH:0
BRDA:18,0,0,0
BRDA:18,0,1,0
BRDA:21,1,0,0
BRDA:30,2,0,0
BRDA:30,2,1,0
BRDA:43,3,0,0
BRDA:43,3,1,0
BRDA:47,4,0,0
BRDA:47,4,1,0
BRDA:49,5,0,0
BRDA:49,5,1,0
BRDA:51,6,0,0
BRDA:51,6,1,0
BRDA:58,7,0,0
BRDA:58,7,1,0
BRDA:67,8,0,0
BRDA:67,8,1,0
BRDA:69,9,0,0
BRDA:69,9,1,0
BRDA:72,10,0,0
BRDA:72,10,1,0
BRDA:75,11,0,0
BRDA:75,11,1,0
BRF:23
BRH:0
end_of_record
TN:
SF:components\ui\gluestack-ui-provider\script.ts
FN:1,(anonymous_0)
FN:4,getSystemColorMode
FNF:2
FNH:0
FNDA:0,(anonymous_0)
FNDA:0,getSystemColorMode
DA:1,0
DA:2,0
DA:5,0
DA:10,0
DA:11,0
DA:12,0
DA:13,0
DA:14,0
DA:15,0
DA:17,0
LF:10
LH:0
BRDA:5,0,0,0
BRDA:5,0,1,0
BRDA:12,1,0,0
BRDA:12,1,1,0
BRDA:13,2,0,0
BRDA:13,2,1,0
BRF:6
BRH:0
end_of_record
TN:
SF:components\ui\hstack\index.tsx
FN:10,(anonymous_0)
FNF:1
FNH:0
FNDA:0,(anonymous_0)
DA:9,0
DA:11,0
DA:21,0
LF:3
LH:0
BRF:0
BRH:0
end_of_record
TN:
SF:components\ui\hstack\index.web.tsx
FN:9,(anonymous_0)
FNF:1
FNH:0
FNDA:0,(anonymous_0)
DA:8,0
DA:10,0
DA:20,0
LF:3
LH:0
BRF:0
BRH:0
end_of_record
TN:
SF:components\ui\hstack\styles.tsx
FNF:0
FNH:0
DA:4,0
DA:8,0
LF:2
LH:0
BRDA:4,0,0,0
BRDA:4,0,1,0
BRF:2
BRH:0
end_of_record
TN:
SF:components\ui\vstack\index.tsx
FN:11,(anonymous_0)
FNF:1
FNH:0
FNDA:0,(anonymous_0)
DA:10,0
DA:12,0
DA:22,0
LF:3
LH:0
BRF:0
BRH:0
end_of_record
TN:
SF:components\ui\vstack\index.web.tsx
FN:10,(anonymous_0)
FNF:1
FNH:0
FNDA:0,(anonymous_0)
DA:9,0
DA:11,0
DA:21,0
LF:3
LH:0
BRF:0
BRH:0
end_of_record
TN:
SF:components\ui\vstack\styles.tsx
FNF:0
FNH:0
DA:4,0
DA:8,0
LF:2
LH:0
BRDA:4,0,0,0
BRDA:4,0,1,0
BRF:2
BRH:0
end_of_record
